<?xml version="1.0" encoding="UTF-8"?>
<!-- Generated by org.testng.reporters.JUnitReportReporter -->
<testsuite skipped="0" hostname="DESKTOP-NRVSE5R" name="com.ups.testRunner.UpsLoginTestRunner" tests="1" failures="0" timestamp="2021-01-11T10:26:04 PST" time="14.740" errors="0">
  <testcase name="loginErrorMsgTest" time="14.740" classname="com.ups.testRunner.UpsLoginTestRunner"/>
  <system-out/>
</testsuite> <!-- com.ups.testRunner.UpsLoginTestRunner -->
