<?xml version="1.0" encoding="UTF-8"?>
<!-- Generated by org.testng.reporters.JUnitReportReporter -->
<testsuite skipped="0" hostname="DESKTOP-NRVSE5R" name="com.ups.testRunner.UpsShippingTestRunner" tests="1" failures="0" timestamp="2020-12-11T09:36:02 PST" time="13.121" errors="0">
  <testcase name="shipping" time="13.121" classname="com.ups.testRunner.UpsShippingTestRunner"/>
  <system-out/>
</testsuite> <!-- com.ups.testRunner.UpsShippingTestRunner -->
