<?xml version="1.0" encoding="UTF-8"?>
<!-- Generated by org.testng.reporters.JUnitReportReporter -->
<testsuite skipped="0" hostname="DESKTOP-NRVSE5R" name="com.ups.testRunner.UpsLoginTestRunner" tests="4" failures="0" timestamp="2020-12-11T09:36:02 PST" time="52.855" errors="0">
  <testcase name="loginErrorMsgTest" time="13.260" classname="com.ups.testRunner.UpsLoginTestRunner"/>
  <system-out/>
  <testcase name="loginErrorMsgTest" time="12.259" classname="com.ups.testRunner.UpsLoginTestRunner"/>
  <system-out/>
  <testcase name="forgotLinkTest" time="11.106" classname="com.ups.testRunner.UpsLoginTestRunner"/>
  <system-out/>
  <testcase name="forgotLinkTest" time="16.230" classname="com.ups.testRunner.UpsLoginTestRunner"/>
  <system-out/>
</testsuite> <!-- com.ups.testRunner.UpsLoginTestRunner -->
